<?xml version="1.0" encoding="UTF-8"?>
<!-- Generated by org.testng.reporters.JUnitReportReporter -->
<testsuite hostname="192.168.1.9" failures="0" tests="1" name="automation.testsuite.LoginTest" time="23.774" errors="0" timestamp="2023-11-26T17:43:32 ICT" skipped="0">
  <testcase classname="automation.testsuite.LoginTest" name="LoginFailIncorrectPass" time="23.774"/>
  <system-out/>
</testsuite> <!-- automation.testsuite.LoginTest -->
