<?xml version="1.0" encoding="UTF-8"?>
<!-- Generated by org.testng.reporters.JUnitReportReporter -->
<testsuite hostname="Thuys-MBP" failures="0" tests="2" name="automation.testsuite.day12_Checkbox" time="24.626" errors="0" timestamp="2023-11-25T14:37:59 ICT" skipped="0">
  <testcase classname="automation.testsuite.day12_Checkbox" name="clickOnMultiCheckbox" time="9.833"/>
  <system-out/>
  <testcase classname="automation.testsuite.day12_Checkbox" name="ClickCheckbox" time="14.793"/>
  <system-out/>
</testsuite> <!-- automation.testsuite.day12_Checkbox -->
