<?xml version="1.0" encoding="UTF-8"?>
<!-- Generated by org.testng.reporters.JUnitReportReporter -->
<testsuite hostname="Thuys-MacBook-Pro.local" failures="0" tests="3" name="automation.testsuite.day16_AlertPractice2" time="93.769" errors="0" timestamp="2023-12-13T15:58:14 ICT" skipped="0">
  <testcase classname="automation.testsuite.day16_AlertPractice2" name="AlertWithOK" time="22.616"/>
  <system-out/>
  <testcase classname="automation.testsuite.day16_AlertPractice2" name="AlertWithOkAndCancel" time="34.323"/>
  <system-out/>
  <testcase classname="automation.testsuite.day16_AlertPractice2" name="AlertWithTextbox" time="36.830"/>
  <system-out/>
</testsuite> <!-- automation.testsuite.day16_AlertPractice2 -->
