<?xml version="1.0" encoding="UTF-8"?>
<!-- Generated by org.testng.reporters.JUnitReportReporter -->
<testsuite hostname="Thuys-MacBook-Pro.local" failures="0" tests="1" name="automation.testsuite.day17_HandlePopupWindow" time="59.246" errors="0" timestamp="2023-12-14T19:55:10 ICT" skipped="0">
  <testcase classname="automation.testsuite.day17_HandlePopupWindow" name="testDemoGuru" time="59.246"/>
  <system-out/>
</testsuite> <!-- automation.testsuite.day17_HandlePopupWindow -->
