<?xml version="1.0" encoding="UTF-8"?>
<!-- Generated by org.testng.reporters.JUnitReportReporter -->
<testsuite hostname="Thuys-MacBook-Pro.local" failures="0" tests="1" name="automation.testsuite.day8_btvn" time="14.661" errors="0" timestamp="2023-11-09T23:14:03 ICT" skipped="0">
  <testcase classname="automation.testsuite.day8_btvn" name="getLocatorTable" time="14.661"/>
  <system-out/>
</testsuite> <!-- automation.testsuite.day8_btvn -->
