<?xml version="1.0" encoding="UTF-8"?>
<!-- Generated by org.testng.reporters.JUnitReportReporter -->
<testsuite hostname="Thuys-MacBook-Pro.local" failures="0" tests="3" name="automation.testsuite.LoginTest_Fact_btvnd14" time="124.859" errors="0" timestamp="2023-12-02T23:00:12 ICT" skipped="0">
  <testcase classname="automation.testsuite.LoginTest_Fact_btvnd14" name="Register_SuccessFully" time="40.912"/>
  <system-out/>
  <testcase classname="automation.testsuite.LoginTest_Fact_btvnd14" name="Login_Successfully" time="45.117"/>
  <system-out/>
  <testcase classname="automation.testsuite.LoginTest_Fact_btvnd14" name="Login_Successfully_NewPass" time="38.830"/>
  <system-out/>
</testsuite> <!-- automation.testsuite.LoginTest_Fact_btvnd14 -->
