<?xml version="1.0" encoding="UTF-8"?>
<!-- Generated by org.testng.reporters.JUnitReportReporter -->
<testsuite hostname="Thuys-MacBook-Pro.local" failures="0" tests="1" name="automation.testsuite.day17_handleIframe" time="127.717" errors="0" timestamp="2023-12-14T20:45:32 ICT" skipped="0">
  <testcase classname="automation.testsuite.day17_handleIframe" name="testDangKyNgay_iFrame" time="127.717"/>
  <system-out/>
</testsuite> <!-- automation.testsuite.day17_handleIframe -->
