<?xml version="1.0" encoding="UTF-8"?>
<!-- Generated by org.testng.reporters.JUnitReportReporter -->
<testsuite hostname="Thuys-MacBook-Pro.local" failures="0" tests="1" name="automation.testsuite.day17_btvn" time="56.074" errors="0" timestamp="2023-12-16T22:22:37 ICT" skipped="0">
  <testcase classname="automation.testsuite.day17_btvn" name="testZalo_iFrame" time="56.074"/>
  <system-out/>
</testsuite> <!-- automation.testsuite.day17_btvn -->
