<?xml version="1.0" encoding="UTF-8"?>
<!-- Generated by org.testng.reporters.JUnitReportReporter -->
<testsuite hostname="Thuys-MacBook-Pro.local" failures="0" tests="1" name="automation.testsuite.day8_practice3" time="36.187" errors="0" timestamp="2023-11-09T00:40:30 ICT" skipped="0">
  <testcase classname="automation.testsuite.day8_practice3" name="getLocator" time="36.187"/>
  <system-out/>
</testsuite> <!-- automation.testsuite.day8_practice3 -->
