<?xml version="1.0" encoding="UTF-8"?>
<!-- Generated by org.testng.reporters.JUnitReportReporter -->
<testsuite hostname="Thuys-MacBook-Pro.local" failures="0" tests="2" name="automation.testsuite.day18_btvn1" time="69.522" errors="0" timestamp="2023-12-18T20:22:05 ICT" skipped="0">
  <testcase classname="automation.testsuite.day18_btvn1" name="testZalo" time="47.929"/>
  <system-out/>
  <testcase classname="automation.testsuite.day18_btvn1" name="testZalo" time="21.593"/>
  <system-out/>
</testsuite> <!-- automation.testsuite.day18_btvn1 -->
