<?xml version="1.0" encoding="UTF-8"?>
<!-- Generated by org.testng.reporters.JUnitReportReporter -->
<testsuite hostname="Thuys-MacBook-Pro.local" failures="0" tests="1" name="automation.testsuite.day12_radiobutton" time="12.581" errors="0" timestamp="2023-11-25T15:33:48 ICT" skipped="0">
  <testcase classname="automation.testsuite.day12_radiobutton" name="testRadiobutton" time="12.581"/>
  <system-out/>
</testsuite> <!-- automation.testsuite.day12_radiobutton -->
