<?xml version="1.0" encoding="UTF-8"?>
<!-- Generated by org.testng.reporters.JUnitReportReporter -->
<testsuite hostname="Thuys-MacBook-Pro.local" failures="0" tests="1" name="automation.testsuite.TrizenTest" time="36.952" errors="0" timestamp="2023-12-05T15:30:04 ICT" skipped="0">
  <testcase classname="automation.testsuite.TrizenTest" name="TestDateTimeAndDrop" time="36.952"/>
  <system-out/>
</testsuite> <!-- automation.testsuite.TrizenTest -->
