<?xml version="1.0" encoding="UTF-8"?>
<!-- Generated by org.testng.reporters.JUnitReportReporter -->
<testsuite hostname="Thuys-MacBook-Pro.local" failures="0" tests="1" name="automation.testsuite.day8_practice" time="0.146" errors="0" timestamp="2023-11-08T23:10:26 ICT" skipped="0">
  <testcase classname="automation.testsuite.day8_practice" name="getLocatorById" time="0.146"/>
  <system-out/>
</testsuite> <!-- automation.testsuite.day8_practice -->
