<?xml version="1.0" encoding="UTF-8"?>
<!-- Generated by org.testng.reporters.JUnitReportReporter -->
<testsuite hostname="Thuys-MacBook-Pro.local" failures="0" tests="1" name="automation.testsuite.day17_btvn" time="82.790" errors="0" timestamp="2023-12-18T16:16:01 ICT" skipped="0">
  <testcase classname="automation.testsuite.day17_btvn" name="testZalo_iFrame" time="82.790"/>
  <system-out/>
</testsuite> <!-- automation.testsuite.day17_btvn -->
