<?xml version="1.0" encoding="UTF-8"?>
<!-- Generated by org.testng.reporters.JUnitReportReporter -->
<testsuite hostname="Thuys-MacBook-Pro.local" failures="0" tests="1" name="automation.testsuite.LoginTest_btvnd13" time="28.486" errors="0" timestamp="2023-12-02T22:14:02 ICT" skipped="0">
  <testcase classname="automation.testsuite.LoginTest_btvnd13" name="LoginSuccessFully" time="28.486"/>
  <system-out/>
</testsuite> <!-- automation.testsuite.LoginTest_btvnd13 -->
