<?xml version="1.0" encoding="UTF-8"?>
<!-- Generated by org.testng.reporters.JUnitReportReporter -->
<testsuite hostname="Thuys-MacBook-Pro.local" failures="0" tests="1" name="automation.testsuite.day16_btvn1" time="48.481" errors="0" timestamp="2023-12-13T16:39:37 ICT" skipped="0">
  <testcase classname="automation.testsuite.day16_btvn1" name="UpdatePassword_Successfully" time="48.481"/>
  <system-out/>
</testsuite> <!-- automation.testsuite.day16_btvn1 -->
