<?xml version="1.0" encoding="UTF-8"?>
<!-- Generated by org.testng.reporters.JUnitReportReporter -->
<testsuite hostname="Thuys-MacBook-Pro.local" failures="0" tests="5" name="automation.testsuite.LoginTest_btvnd13" time="154.048" errors="0" timestamp="2023-11-27T22:14:00 ICT" skipped="0">
  <testcase classname="automation.testsuite.LoginTest_btvnd13" name="LoginSuccessFully" time="29.737"/>
  <system-out/>
  <testcase classname="automation.testsuite.LoginTest_btvnd13" name="LoginFail_IncorrectEmail" time="23.073"/>
  <system-out/>
  <testcase classname="automation.testsuite.LoginTest_btvnd13" name="LoginFail_IncorrectPass" time="29.874"/>
  <system-out/>
  <testcase classname="automation.testsuite.LoginTest_btvnd13" name="LoginFail_IncorrectEmailPass" time="25.665"/>
  <system-out/>
  <testcase classname="automation.testsuite.LoginTest_btvnd13" name="LogOutSuccessfully" time="45.699"/>
  <system-out/>
</testsuite> <!-- automation.testsuite.LoginTest_btvnd13 -->
