<?xml version="1.0" encoding="UTF-8"?>
<!-- Generated by org.testng.reporters.JUnitReportReporter -->
<testsuite hostname="Thuys-MacBook-Pro.local" failures="0" tests="1" name="automation.testsuite.day16_AlertPractice" time="24.538" errors="0" timestamp="2023-12-13T15:04:31 ICT" skipped="0">
  <testcase classname="automation.testsuite.day16_AlertPractice" name="deleteCustomerSuccessfully" time="24.538"/>
  <system-out/>
</testsuite> <!-- automation.testsuite.day16_AlertPractice -->
