<?xml version="1.0" encoding="UTF-8"?>
<!-- Generated by org.testng.reporters.JUnitReportReporter -->
<testsuite hostname="Thuys-MacBook-Pro.local" failures="0" tests="1" name="automation.testsuite.LoginTest_Factory" time="32.525" errors="0" timestamp="2023-11-28T21:01:16 ICT" skipped="0">
  <testcase classname="automation.testsuite.LoginTest_Factory" name="LoginFail_IncorrectEmail" time="32.525"/>
  <system-out/>
</testsuite> <!-- automation.testsuite.LoginTest_Factory -->
