<?xml version="1.0" encoding="UTF-8"?>
<!-- Generated by org.testng.reporters.JUnitReportReporter -->
<testsuite hostname="Thuys-MacBook-Pro.local" failures="0" tests="1" name="automation.testsuite.ClientTest" time="86.740" errors="0" timestamp="2023-12-05T15:47:23 ICT" skipped="0">
  <testcase classname="automation.testsuite.ClientTest" name="AddClientSuccessfully" time="86.740"/>
  <system-out/>
</testsuite> <!-- automation.testsuite.ClientTest -->
