<?xml version="1.0" encoding="UTF-8"?>
<!-- Generated by org.testng.reporters.JUnitReportReporter -->
<testsuite hostname="Thuys-MacBook-Pro.local" failures="0" tests="1" name="automation.testsuite.day12_btvn" time="19.422" errors="0" timestamp="2023-11-26T09:38:40 ICT" skipped="0">
  <testcase classname="automation.testsuite.day12_btvn" name="selectDropList" time="19.422"/>
  <system-out/>
</testsuite> <!-- automation.testsuite.day12_btvn -->
